Build started 2/13/2017 9:21:57 PM.
     1>Project "C:\Users\zhexian\Desktop\Graphics\Assignment\one_vs\distrib\one.vcxproj" on node 2 (build target(s)).
     1>InitializeBuildStatus:
         Creating "Release\one.unsuccessfulbuild" because "AlwaysCreate" was specified.
       ClCompile:
         c:\Program Files (x86)\Microsoft Visual Studio 10.0\VC\bin\CL.exe /c /Zi /nologo /W3 /WX- /O2 /Oy- /D WIN32 /D NDEBUG /D _CONSOLE /Gm- /EHsc /MD /GS /fp:precise /Zc:wchar_t /Zc:forScope /Fo"Release\\" /Fd"Release\vc100.pdb" /Gd /TP /analyze- /errorReport:prompt main.cpp surf.cpp
         main.cpp
     1>main.cpp(249): warning C4305: 'initializing' : truncation from 'double' to 'GLfloat'
     1>main.cpp(249): warning C4305: 'initializing' : truncation from 'double' to 'GLfloat'
     1>main.cpp(249): warning C4305: 'initializing' : truncation from 'double' to 'GLfloat'
     1>main.cpp(250): warning C4305: 'initializing' : truncation from 'double' to 'GLfloat'
     1>main.cpp(250): warning C4305: 'initializing' : truncation from 'double' to 'GLfloat'
     1>main.cpp(250): warning C4305: 'initializing' : truncation from 'double' to 'GLfloat'
     1>main.cpp(251): warning C4305: 'initializing' : truncation from 'double' to 'GLfloat'
     1>main.cpp(251): warning C4305: 'initializing' : truncation from 'double' to 'GLfloat'
     1>main.cpp(251): warning C4305: 'initializing' : truncation from 'double' to 'GLfloat'
         surf.cpp
     1>surf.cpp(51): warning C4244: 'argument' : conversion from 'double' to 'float', possible loss of data
     1>surf.cpp(51): warning C4244: 'argument' : conversion from 'double' to 'float', possible loss of data
     1>surf.cpp(51): warning C4244: 'argument' : conversion from 'double' to 'float', possible loss of data
     1>surf.cpp(51): warning C4244: 'argument' : conversion from 'double' to 'float', possible loss of data
         Generating Code...
       ManifestResourceCompile:
         All outputs are up-to-date.
       Link:
         c:\Program Files (x86)\Microsoft Visual Studio 10.0\VC\bin\link.exe /ERRORREPORT:PROMPT /OUT:"C:\Users\zhexian\Desktop\Graphics\Assignment\one_vs\distrib\Release\one.exe" /INCREMENTAL /NOLOGO kernel32.lib user32.lib gdi32.lib winspool.lib comdlg32.lib advapi32.lib shell32.lib ole32.lib oleaut32.lib uuid.lib odbc32.lib odbccp32.lib /MANIFEST /ManifestFile:"Release\one.exe.intermediate.manifest" /MANIFESTUAC:"level='asInvoker' uiAccess='false'" /DEBUG /PDB:"C:\Users\zhexian\Desktop\Graphics\Assignment\one_vs\distrib\Release\one.pdb" /SUBSYSTEM:CONSOLE /OPT:REF /OPT:ICF /TLBID:1 /DYNAMICBASE /NXCOMPAT /IMPLIB:"C:\Users\zhexian\Desktop\Graphics\Assignment\one_vs\distrib\Release\one.lib" /MACHINE:X86 Release\one.exe.embed.manifest.res
         Release\camera.obj
         Release\curve.obj
         Release\main.obj
         Release\parse.obj
         Release\surf.obj
         Release\Matrix2f.obj
         Release\Matrix3f.obj
         Release\Matrix4f.obj
         Release\Quat4f.obj
         Release\Vector2f.obj
         Release\Vector3f.obj
         Release\Vector4f.obj
     1>LINK : warning LNK4075: ignoring '/INCREMENTAL' due to '/OPT:ICF' specification
       Manifest:
         C:\Program Files (x86)\Microsoft SDKs\Windows\v7.0A\bin\mt.exe /nologo /verbose /out:"Release\one.exe.embed.manifest" /manifest Release\one.exe.intermediate.manifest
         All outputs are up-to-date.
       LinkEmbedManifest:
         All outputs are up-to-date.
         one.vcxproj -> C:\Users\zhexian\Desktop\Graphics\Assignment\one_vs\distrib\Release\one.exe
       FinalizeBuildStatus:
         Deleting file "Release\one.unsuccessfulbuild".
         Touching "Release\one.lastbuildstate".
     1>Done Building Project "C:\Users\zhexian\Desktop\Graphics\Assignment\one_vs\distrib\one.vcxproj" (build target(s)).

Build succeeded.

Time Elapsed 00:00:02.22
