C:\USERS\ZHEXIAN\DESKTOP\GRAPHICS\ASSIGNMENT\ONE_VS\DISTRIB\RELEASE\CAMERA.OBJ
C:\Users\zhexian\Desktop\Graphics\Assignment\one_vs\distrib\Release\cl.command.1.tlog
C:\Users\zhexian\Desktop\Graphics\Assignment\one_vs\distrib\Release\CL.read.1.tlog
C:\Users\zhexian\Desktop\Graphics\Assignment\one_vs\distrib\Release\CL.write.1.tlog
C:\USERS\ZHEXIAN\DESKTOP\GRAPHICS\ASSIGNMENT\ONE_VS\DISTRIB\RELEASE\CURVE.OBJ
C:\Users\zhexian\Desktop\Graphics\Assignment\one_vs\distrib\Release\link.command.1.tlog
C:\Users\zhexian\Desktop\Graphics\Assignment\one_vs\distrib\Release\link.read.1.tlog
C:\Users\zhexian\Desktop\Graphics\Assignment\one_vs\distrib\Release\link.write.1.tlog
C:\Users\zhexian\Desktop\Graphics\Assignment\one_vs\distrib\Release\link-cvtres.read.1.tlog
C:\Users\zhexian\Desktop\Graphics\Assignment\one_vs\distrib\Release\link-cvtres.write.1.tlog
C:\USERS\ZHEXIAN\DESKTOP\GRAPHICS\ASSIGNMENT\ONE_VS\DISTRIB\RELEASE\MAIN.OBJ
C:\USERS\ZHEXIAN\DESKTOP\GRAPHICS\ASSIGNMENT\ONE_VS\DISTRIB\RELEASE\MATRIX2F.OBJ
C:\USERS\ZHEXIAN\DESKTOP\GRAPHICS\ASSIGNMENT\ONE_VS\DISTRIB\RELEASE\MATRIX3F.OBJ
C:\USERS\ZHEXIAN\DESKTOP\GRAPHICS\ASSIGNMENT\ONE_VS\DISTRIB\RELEASE\MATRIX4F.OBJ
C:\Users\zhexian\Desktop\Graphics\Assignment\one_vs\distrib\Release\mt.command.1.tlog
C:\Users\zhexian\Desktop\Graphics\Assignment\one_vs\distrib\Release\mt.read.1.tlog
C:\Users\zhexian\Desktop\Graphics\Assignment\one_vs\distrib\Release\mt.write.1.tlog
C:\USERS\ZHEXIAN\DESKTOP\GRAPHICS\ASSIGNMENT\ONE_VS\DISTRIB\RELEASE\ONE.EXE
C:\USERS\ZHEXIAN\DESKTOP\GRAPHICS\ASSIGNMENT\ONE_VS\DISTRIB\RELEASE\ONE.EXE.EMBED.MANIFEST
C:\USERS\ZHEXIAN\DESKTOP\GRAPHICS\ASSIGNMENT\ONE_VS\DISTRIB\RELEASE\ONE.EXE.EMBED.MANIFEST.RES
C:\USERS\ZHEXIAN\DESKTOP\GRAPHICS\ASSIGNMENT\ONE_VS\DISTRIB\RELEASE\ONE.EXE.INTERMEDIATE.MANIFEST
C:\USERS\ZHEXIAN\DESKTOP\GRAPHICS\ASSIGNMENT\ONE_VS\DISTRIB\RELEASE\ONE.PDB
C:\Users\zhexian\Desktop\Graphics\Assignment\one_vs\distrib\Release\one.vcxprojResolveAssemblyReference.cache
C:\Users\zhexian\Desktop\Graphics\Assignment\one_vs\distrib\Release\one.write.1.tlog
C:\Users\zhexian\Desktop\Graphics\Assignment\one_vs\distrib\Release\one_manifest.rc
C:\USERS\ZHEXIAN\DESKTOP\GRAPHICS\ASSIGNMENT\ONE_VS\DISTRIB\RELEASE\PARSE.OBJ
C:\USERS\ZHEXIAN\DESKTOP\GRAPHICS\ASSIGNMENT\ONE_VS\DISTRIB\RELEASE\QUAT4F.OBJ
C:\Users\zhexian\Desktop\Graphics\Assignment\one_vs\distrib\Release\rc.command.1.tlog
C:\Users\zhexian\Desktop\Graphics\Assignment\one_vs\distrib\Release\rc.read.1.tlog
C:\Users\zhexian\Desktop\Graphics\Assignment\one_vs\distrib\Release\rc.write.1.tlog
C:\USERS\ZHEXIAN\DESKTOP\GRAPHICS\ASSIGNMENT\ONE_VS\DISTRIB\RELEASE\SURF.OBJ
C:\USERS\ZHEXIAN\DESKTOP\GRAPHICS\ASSIGNMENT\ONE_VS\DISTRIB\RELEASE\VC100.PDB
C:\USERS\ZHEXIAN\DESKTOP\GRAPHICS\ASSIGNMENT\ONE_VS\DISTRIB\RELEASE\VECTOR2F.OBJ
C:\USERS\ZHEXIAN\DESKTOP\GRAPHICS\ASSIGNMENT\ONE_VS\DISTRIB\RELEASE\VECTOR3F.OBJ
C:\USERS\ZHEXIAN\DESKTOP\GRAPHICS\ASSIGNMENT\ONE_VS\DISTRIB\RELEASE\VECTOR4F.OBJ
