Build started 2/27/2017 2:39:37 PM.
     1>Project "C:\Users\zhexian\Desktop\Graphics\Assignment\a2\a2\a2.vcxproj" on node 2 (build target(s)).
     1>InitializeBuildStatus:
         Creating "Release\a2.unsuccessfulbuild" because "AlwaysCreate" was specified.
       ClCompile:
         c:\Program Files (x86)\Microsoft Visual Studio 10.0\VC\bin\CL.exe /c /I. /Ivecmath/include /Zi /nologo /W3 /WX- /O2 /Oy- /D SOLN /D WIN32 /D NDEBUG /D _CONSOLE /Gm- /EHsc /MD /GS /fp:precise /Zc:wchar_t /Zc:forScope /Fo"Release\\" /Fd"Release\vc100.pdb" /Gd /TP /analyze- /errorReport:prompt ModelerView.cpp modelerapp.cpp
         ModelerView.cpp
         modelerapp.cpp
     1>modelerapp.cpp(41): warning C4996: 'strncpy': This function or variable may be unsafe. Consider using strncpy_s instead. To disable deprecation, use _CRT_SECURE_NO_WARNINGS. See online help for details.
                 c:\Program Files (x86)\Microsoft Visual Studio 10.0\VC\include\string.h(188) : see declaration of 'strncpy'
         Generating Code...
         All outputs are up-to-date.
       ManifestResourceCompile:
         All outputs are up-to-date.
       Link:
         c:\Program Files (x86)\Microsoft Visual Studio 10.0\VC\bin\link.exe /ERRORREPORT:PROMPT /OUT:"C:\Users\zhexian\Desktop\Graphics\Assignment\a2\a2\Release\a2.exe" /INCREMENTAL /NOLOGO fltkgl.lib fltk.lib freeglut.lib kernel32.lib user32.lib gdi32.lib winspool.lib comdlg32.lib advapi32.lib shell32.lib ole32.lib oleaut32.lib uuid.lib odbc32.lib odbccp32.lib kernel32.lib user32.lib gdi32.lib winspool.lib comdlg32.lib advapi32.lib shell32.lib ole32.lib oleaut32.lib uuid.lib odbc32.lib odbccp32.lib /MANIFEST /ManifestFile:"Release\a2.exe.intermediate.manifest" /MANIFESTUAC:"level='asInvoker' uiAccess='false'" /DEBUG /PDB:"C:\Users\zhexian\Desktop\Graphics\Assignment\a2\a2\Release\a2.pdb" /SUBSYSTEM:CONSOLE /OPT:REF /OPT:ICF /TLBID:1 /DYNAMICBASE /NXCOMPAT /IMPLIB:"C:\Users\zhexian\Desktop\Graphics\Assignment\a2\a2\Release\a2.lib" /MACHINE:X86 Release\a2.exe.embed.manifest.res
         Release\bitmap.obj
         Release\camera.obj
         Release\Joint.obj
         Release\main.obj
         Release\MatrixStack.obj
         Release\Mesh.obj
         Release\modelerapp.obj
         Release\modelerui.obj
         Release\ModelerView.obj
         Release\SkeletalModel.obj
         Release\Matrix2f.obj
         Release\Matrix3f.obj
         Release\Matrix4f.obj
         Release\Quat4f.obj
         Release\Vector2f.obj
         Release\Vector3f.obj
         Release\Vector4f.obj
     1>LINK : warning LNK4075: ignoring '/INCREMENTAL' due to '/OPT:ICF' specification
     1>fltkgl.lib(Fl_Gl_Choice.obj) : warning LNK4204: 'C:\Users\zhexian\Desktop\Graphics\Assignment\a2\a2\Release\vc100.pdb' is missing debugging information for referencing module; linking object as if no debug info
     1>fltkgl.lib(Fl_Gl_Device_Plugin.obj) : warning LNK4204: 'C:\Users\zhexian\Desktop\Graphics\Assignment\a2\a2\Release\vc100.pdb' is missing debugging information for referencing module; linking object as if no debug info
     1>fltkgl.lib(Fl_Gl_Window.obj) : warning LNK4204: 'C:\Users\zhexian\Desktop\Graphics\Assignment\a2\a2\Release\vc100.pdb' is missing debugging information for referencing module; linking object as if no debug info
     1>fltkgl.lib(gl_draw.obj) : warning LNK4204: 'C:\Users\zhexian\Desktop\Graphics\Assignment\a2\a2\Release\vc100.pdb' is missing debugging information for referencing module; linking object as if no debug info
     1>fltk.lib(case.obj) : warning LNK4204: 'C:\Users\zhexian\Desktop\Graphics\Assignment\a2\a2\Release\vc100.pdb' is missing debugging information for referencing module; linking object as if no debug info
     1>fltk.lib(filename_absolute.obj) : warning LNK4204: 'C:\Users\zhexian\Desktop\Graphics\Assignment\a2\a2\Release\vc100.pdb' is missing debugging information for referencing module; linking object as if no debug info
     1>fltk.lib(filename_expand.obj) : warning LNK4204: 'C:\Users\zhexian\Desktop\Graphics\Assignment\a2\a2\Release\vc100.pdb' is missing debugging information for referencing module; linking object as if no debug info
     1>fltk.lib(filename_isdir.obj) : warning LNK4204: 'C:\Users\zhexian\Desktop\Graphics\Assignment\a2\a2\Release\vc100.pdb' is missing debugging information for referencing module; linking object as if no debug info
     1>fltk.lib(filename_list.obj) : warning LNK4204: 'C:\Users\zhexian\Desktop\Graphics\Assignment\a2\a2\Release\vc100.pdb' is missing debugging information for referencing module; linking object as if no debug info
     1>fltk.lib(filename_match.obj) : warning LNK4204: 'C:\Users\zhexian\Desktop\Graphics\Assignment\a2\a2\Release\vc100.pdb' is missing debugging information for referencing module; linking object as if no debug info
     1>fltk.lib(Fl.obj) : warning LNK4204: 'C:\Users\zhexian\Desktop\Graphics\Assignment\a2\a2\Release\vc100.pdb' is missing debugging information for referencing module; linking object as if no debug info
     1>fltk.lib(Fl_abort.obj) : warning LNK4204: 'C:\Users\zhexian\Desktop\Graphics\Assignment\a2\a2\Release\vc100.pdb' is missing debugging information for referencing module; linking object as if no debug info
     1>fltk.lib(fl_arc.obj) : warning LNK4204: 'C:\Users\zhexian\Desktop\Graphics\Assignment\a2\a2\Release\vc100.pdb' is missing debugging information for referencing module; linking object as if no debug info
     1>fltk.lib(fl_arci.obj) : warning LNK4204: 'C:\Users\zhexian\Desktop\Graphics\Assignment\a2\a2\Release\vc100.pdb' is missing debugging information for referencing module; linking object as if no debug info
     1>fltk.lib(fl_ask.obj) : warning LNK4204: 'C:\Users\zhexian\Desktop\Graphics\Assignment\a2\a2\Release\vc100.pdb' is missing debugging information for referencing module; linking object as if no debug info
     1>fltk.lib(Fl_Bitmap.obj) : warning LNK4204: 'C:\Users\zhexian\Desktop\Graphics\Assignment\a2\a2\Release\vc100.pdb' is missing debugging information for referencing module; linking object as if no debug info
     1>fltk.lib(Fl_Box.obj) : warning LNK4204: 'C:\Users\zhexian\Desktop\Graphics\Assignment\a2\a2\Release\vc100.pdb' is missing debugging information for referencing module; linking object as if no debug info
     1>fltk.lib(fl_boxtype.obj) : warning LNK4204: 'C:\Users\zhexian\Desktop\Graphics\Assignment\a2\a2\Release\vc100.pdb' is missing debugging information for referencing module; linking object as if no debug info
     1>fltk.lib(Fl_Browser.obj) : warning LNK4204: 'C:\Users\zhexian\Desktop\Graphics\Assignment\a2\a2\Release\vc100.pdb' is missing debugging information for referencing module; linking object as if no debug info
     1>fltk.lib(Fl_Browser_.obj) : warning LNK4204: 'C:\Users\zhexian\Desktop\Graphics\Assignment\a2\a2\Release\vc100.pdb' is missing debugging information for referencing module; linking object as if no debug info
     1>fltk.lib(Fl_Button.obj) : warning LNK4204: 'C:\Users\zhexian\Desktop\Graphics\Assignment\a2\a2\Release\vc100.pdb' is missing debugging information for referencing module; linking object as if no debug info
     1>fltk.lib(Fl_Check_Button.obj) : warning LNK4204: 'C:\Users\zhexian\Desktop\Graphics\Assignment\a2\a2\Release\vc100.pdb' is missing debugging information for referencing module; linking object as if no debug info
     1>fltk.lib(Fl_Choice.obj) : warning LNK4204: 'C:\Users\zhexian\Desktop\Graphics\Assignment\a2\a2\Release\vc100.pdb' is missing debugging information for referencing module; linking object as if no debug info
     1>fltk.lib(fl_color.obj) : warning LNK4204: 'C:\Users\zhexian\Desktop\Graphics\Assignment\a2\a2\Release\vc100.pdb' is missing debugging information for referencing module; linking object as if no debug info
     1>fltk.lib(Fl_compose.obj) : warning LNK4204: 'C:\Users\zhexian\Desktop\Graphics\Assignment\a2\a2\Release\vc100.pdb' is missing debugging information for referencing module; linking object as if no debug info
     1>fltk.lib(fl_cursor.obj) : warning LNK4204: 'C:\Users\zhexian\Desktop\Graphics\Assignment\a2\a2\Release\vc100.pdb' is missing debugging information for referencing module; linking object as if no debug info
     1>fltk.lib(fl_curve.obj) : warning LNK4204: 'C:\Users\zhexian\Desktop\Graphics\Assignment\a2\a2\Release\vc100.pdb' is missing debugging information for referencing module; linking object as if no debug info
     1>fltk.lib(Fl_Device.obj) : warning LNK4204: 'C:\Users\zhexian\Desktop\Graphics\Assignment\a2\a2\Release\vc100.pdb' is missing debugging information for referencing module; linking object as if no debug info
     1>fltk.lib(fl_dnd.obj) : warning LNK4204: 'C:\Users\zhexian\Desktop\Graphics\Assignment\a2\a2\Release\vc100.pdb' is missing debugging information for referencing module; linking object as if no debug info
     1>fltk.lib(Fl_Double_Window.obj) : warning LNK4204: 'C:\Users\zhexian\Desktop\Graphics\Assignment\a2\a2\Release\vc100.pdb' is missing debugging information for referencing module; linking object as if no debug info
     1>fltk.lib(fl_draw.obj) : warning LNK4204: 'C:\Users\zhexian\Desktop\Graphics\Assignment\a2\a2\Release\vc100.pdb' is missing debugging information for referencing module; linking object as if no debug info
     1>fltk.lib(fl_draw_image.obj) : warning LNK4204: 'C:\Users\zhexian\Desktop\Graphics\Assignment\a2\a2\Release\vc100.pdb' is missing debugging information for referencing module; linking object as if no debug info
     1>fltk.lib(fl_draw_pixmap.obj) : warning LNK4204: 'C:\Users\zhexian\Desktop\Graphics\Assignment\a2\a2\Release\vc100.pdb' is missing debugging information for referencing module; linking object as if no debug info
     1>fltk.lib(Fl_File_Browser.obj) : warning LNK4204: 'C:\Users\zhexian\Desktop\Graphics\Assignment\a2\a2\Release\vc100.pdb' is missing debugging information for referencing module; linking object as if no debug info
     1>fltk.lib(Fl_File_Chooser.obj) : warning LNK4204: 'C:\Users\zhexian\Desktop\Graphics\Assignment\a2\a2\Release\vc100.pdb' is missing debugging information for referencing module; linking object as if no debug info
     1>fltk.lib(Fl_File_Chooser2.obj) : warning LNK4204: 'C:\Users\zhexian\Desktop\Graphics\Assignment\a2\a2\Release\vc100.pdb' is missing debugging information for referencing module; linking object as if no debug info
     1>fltk.lib(fl_file_dir.obj) : warning LNK4204: 'C:\Users\zhexian\Desktop\Graphics\Assignment\a2\a2\Release\vc100.pdb' is missing debugging information for referencing module; linking object as if no debug info
     1>fltk.lib(Fl_File_Icon.obj) : warning LNK4204: 'C:\Users\zhexian\Desktop\Graphics\Assignment\a2\a2\Release\vc100.pdb' is missing debugging information for referencing module; linking object as if no debug info
     1>fltk.lib(Fl_File_Input.obj) : warning LNK4204: 'C:\Users\zhexian\Desktop\Graphics\Assignment\a2\a2\Release\vc100.pdb' is missing debugging information for referencing module; linking object as if no debug info
     1>fltk.lib(fl_font.obj) : warning LNK4204: 'C:\Users\zhexian\Desktop\Graphics\Assignment\a2\a2\Release\vc100.pdb' is missing debugging information for referencing module; linking object as if no debug info
     1>fltk.lib(Fl_get_system_colors.obj) : warning LNK4204: 'C:\Users\zhexian\Desktop\Graphics\Assignment\a2\a2\Release\vc100.pdb' is missing debugging information for referencing module; linking object as if no debug info
     1>fltk.lib(Fl_grab.obj) : warning LNK4204: 'C:\Users\zhexian\Desktop\Graphics\Assignment\a2\a2\Release\vc100.pdb' is missing debugging information for referencing module; linking object as if no debug info
     1>fltk.lib(Fl_Group.obj) : warning LNK4204: 'C:\Users\zhexian\Desktop\Graphics\Assignment\a2\a2\Release\vc100.pdb' is missing debugging information for referencing module; linking object as if no debug info
     1>fltk.lib(fl_gtk.obj) : warning LNK4204: 'C:\Users\zhexian\Desktop\Graphics\Assignment\a2\a2\Release\vc100.pdb' is missing debugging information for referencing module; linking object as if no debug info
     1>fltk.lib(Fl_Image.obj) : warning LNK4204: 'C:\Users\zhexian\Desktop\Graphics\Assignment\a2\a2\Release\vc100.pdb' is missing debugging information for referencing module; linking object as if no debug info
     1>fltk.lib(Fl_Input.obj) : warning LNK4204: 'C:\Users\zhexian\Desktop\Graphics\Assignment\a2\a2\Release\vc100.pdb' is missing debugging information for referencing module; linking object as if no debug info
     1>fltk.lib(Fl_Input_.obj) : warning LNK4204: 'C:\Users\zhexian\Desktop\Graphics\Assignment\a2\a2\Release\vc100.pdb' is missing debugging information for referencing module; linking object as if no debug info
     1>fltk.lib(fl_labeltype.obj) : warning LNK4204: 'C:\Users\zhexian\Desktop\Graphics\Assignment\a2\a2\Release\vc100.pdb' is missing debugging information for referencing module; linking object as if no debug info
     1>fltk.lib(Fl_Light_Button.obj) : warning LNK4204: 'C:\Users\zhexian\Desktop\Graphics\Assignment\a2\a2\Release\vc100.pdb' is missing debugging information for referencing module; linking object as if no debug info
     1>fltk.lib(fl_line_style.obj) : warning LNK4204: 'C:\Users\zhexian\Desktop\Graphics\Assignment\a2\a2\Release\vc100.pdb' is missing debugging information for referencing module; linking object as if no debug info
     1>fltk.lib(Fl_lock.obj) : warning LNK4204: 'C:\Users\zhexian\Desktop\Graphics\Assignment\a2\a2\Release\vc100.pdb' is missing debugging information for referencing module; linking object as if no debug info
     1>fltk.lib(Fl_Menu.obj) : warning LNK4204: 'C:\Users\zhexian\Desktop\Graphics\Assignment\a2\a2\Release\vc100.pdb' is missing debugging information for referencing module; linking object as if no debug info
     1>fltk.lib(Fl_Menu_.obj) : warning LNK4204: 'C:\Users\zhexian\Desktop\Graphics\Assignment\a2\a2\Release\vc100.pdb' is missing debugging information for referencing module; linking object as if no debug info
     1>fltk.lib(Fl_Menu_add.obj) : warning LNK4204: 'C:\Users\zhexian\Desktop\Graphics\Assignment\a2\a2\Release\vc100.pdb' is missing debugging information for referencing module; linking object as if no debug info
     1>fltk.lib(Fl_Menu_Bar.obj) : warning LNK4204: 'C:\Users\zhexian\Desktop\Graphics\Assignment\a2\a2\Release\vc100.pdb' is missing debugging information for referencing module; linking object as if no debug info
     1>fltk.lib(Fl_Menu_Button.obj) : warning LNK4204: 'C:\Users\zhexian\Desktop\Graphics\Assignment\a2\a2\Release\vc100.pdb' is missing debugging information for referencing module; linking object as if no debug info
     1>fltk.lib(Fl_Menu_Window.obj) : warning LNK4204: 'C:\Users\zhexian\Desktop\Graphics\Assignment\a2\a2\Release\vc100.pdb' is missing debugging information for referencing module; linking object as if no debug info
     1>fltk.lib(Fl_Native_File_Chooser.obj) : warning LNK4204: 'C:\Users\zhexian\Desktop\Graphics\Assignment\a2\a2\Release\vc100.pdb' is missing debugging information for referencing module; linking object as if no debug info
     1>fltk.lib(Fl_Pack.obj) : warning LNK4204: 'C:\Users\zhexian\Desktop\Graphics\Assignment\a2\a2\Release\vc100.pdb' is missing debugging information for referencing module; linking object as if no debug info
     1>fltk.lib(Fl_Paged_Device.obj) : warning LNK4204: 'C:\Users\zhexian\Desktop\Graphics\Assignment\a2\a2\Release\vc100.pdb' is missing debugging information for referencing module; linking object as if no debug info
     1>fltk.lib(Fl_Pixmap.obj) : warning LNK4204: 'C:\Users\zhexian\Desktop\Graphics\Assignment\a2\a2\Release\vc100.pdb' is missing debugging information for referencing module; linking object as if no debug info
     1>fltk.lib(fl_plastic.obj) : warning LNK4204: 'C:\Users\zhexian\Desktop\Graphics\Assignment\a2\a2\Release\vc100.pdb' is missing debugging information for referencing module; linking object as if no debug info
     1>fltk.lib(Fl_Preferences.obj) : warning LNK4204: 'C:\Users\zhexian\Desktop\Graphics\Assignment\a2\a2\Release\vc100.pdb' is missing debugging information for referencing module; linking object as if no debug info
     1>fltk.lib(Fl_Printer.obj) : warning LNK4204: 'C:\Users\zhexian\Desktop\Graphics\Assignment\a2\a2\Release\vc100.pdb' is missing debugging information for referencing module; linking object as if no debug info
     1>fltk.lib(fl_read_image.obj) : warning LNK4204: 'C:\Users\zhexian\Desktop\Graphics\Assignment\a2\a2\Release\vc100.pdb' is missing debugging information for referencing module; linking object as if no debug info
     1>fltk.lib(fl_rect.obj) : warning LNK4204: 'C:\Users\zhexian\Desktop\Graphics\Assignment\a2\a2\Release\vc100.pdb' is missing debugging information for referencing module; linking object as if no debug info
     1>fltk.lib(Fl_Return_Button.obj) : warning LNK4204: 'C:\Users\zhexian\Desktop\Graphics\Assignment\a2\a2\Release\vc100.pdb' is missing debugging information for referencing module; linking object as if no debug info
     1>fltk.lib(fl_round_box.obj) : warning LNK4204: 'C:\Users\zhexian\Desktop\Graphics\Assignment\a2\a2\Release\vc100.pdb' is missing debugging information for referencing module; linking object as if no debug info
     1>fltk.lib(Fl_Scroll.obj) : warning LNK4204: 'C:\Users\zhexian\Desktop\Graphics\Assignment\a2\a2\Release\vc100.pdb' is missing debugging information for referencing module; linking object as if no debug info
     1>fltk.lib(fl_scroll_area.obj) : warning LNK4204: 'C:\Users\zhexian\Desktop\Graphics\Assignment\a2\a2\Release\vc100.pdb' is missing debugging information for referencing module; linking object as if no debug info
     1>fltk.lib(Fl_Scrollbar.obj) : warning LNK4204: 'C:\Users\zhexian\Desktop\Graphics\Assignment\a2\a2\Release\vc100.pdb' is missing debugging information for referencing module; linking object as if no debug info
     1>fltk.lib(Fl_Shared_Image.obj) : warning LNK4204: 'C:\Users\zhexian\Desktop\Graphics\Assignment\a2\a2\Release\vc100.pdb' is missing debugging information for referencing module; linking object as if no debug info
     1>fltk.lib(fl_shortcut.obj) : warning LNK4204: 'C:\Users\zhexian\Desktop\Graphics\Assignment\a2\a2\Release\vc100.pdb' is missing debugging information for referencing module; linking object as if no debug info
     1>fltk.lib(Fl_Single_Window.obj) : warning LNK4204: 'C:\Users\zhexian\Desktop\Graphics\Assignment\a2\a2\Release\vc100.pdb' is missing debugging information for referencing module; linking object as if no debug info
     1>fltk.lib(Fl_Slider.obj) : warning LNK4204: 'C:\Users\zhexian\Desktop\Graphics\Assignment\a2\a2\Release\vc100.pdb' is missing debugging information for referencing module; linking object as if no debug info
     1>fltk.lib(fl_symbols.obj) : warning LNK4204: 'C:\Users\zhexian\Desktop\Graphics\Assignment\a2\a2\Release\vc100.pdb' is missing debugging information for referencing module; linking object as if no debug info
     1>fltk.lib(Fl_Tile.obj) : warning LNK4204: 'C:\Users\zhexian\Desktop\Graphics\Assignment\a2\a2\Release\vc100.pdb' is missing debugging information for referencing module; linking object as if no debug info
     1>fltk.lib(Fl_Tiled_Image.obj) : warning LNK4204: 'C:\Users\zhexian\Desktop\Graphics\Assignment\a2\a2\Release\vc100.pdb' is missing debugging information for referencing module; linking object as if no debug info
     1>fltk.lib(Fl_Tooltip.obj) : warning LNK4204: 'C:\Users\zhexian\Desktop\Graphics\Assignment\a2\a2\Release\vc100.pdb' is missing debugging information for referencing module; linking object as if no debug info
     1>fltk.lib(fl_utf.obj) : warning LNK4204: 'C:\Users\zhexian\Desktop\Graphics\Assignment\a2\a2\Release\vc100.pdb' is missing debugging information for referencing module; linking object as if no debug info
     1>fltk.lib(fl_utf8.obj) : warning LNK4204: 'C:\Users\zhexian\Desktop\Graphics\Assignment\a2\a2\Release\vc100.pdb' is missing debugging information for referencing module; linking object as if no debug info
     1>fltk.lib(Fl_Valuator.obj) : warning LNK4204: 'C:\Users\zhexian\Desktop\Graphics\Assignment\a2\a2\Release\vc100.pdb' is missing debugging information for referencing module; linking object as if no debug info
     1>fltk.lib(Fl_Value_Slider.obj) : warning LNK4204: 'C:\Users\zhexian\Desktop\Graphics\Assignment\a2\a2\Release\vc100.pdb' is missing debugging information for referencing module; linking object as if no debug info
     1>fltk.lib(fl_vertex.obj) : warning LNK4204: 'C:\Users\zhexian\Desktop\Graphics\Assignment\a2\a2\Release\vc100.pdb' is missing debugging information for referencing module; linking object as if no debug info
     1>fltk.lib(Fl_visual.obj) : warning LNK4204: 'C:\Users\zhexian\Desktop\Graphics\Assignment\a2\a2\Release\vc100.pdb' is missing debugging information for referencing module; linking object as if no debug info
     1>fltk.lib(Fl_Widget.obj) : warning LNK4204: 'C:\Users\zhexian\Desktop\Graphics\Assignment\a2\a2\Release\vc100.pdb' is missing debugging information for referencing module; linking object as if no debug info
     1>fltk.lib(Fl_Window.obj) : warning LNK4204: 'C:\Users\zhexian\Desktop\Graphics\Assignment\a2\a2\Release\vc100.pdb' is missing debugging information for referencing module; linking object as if no debug info
     1>fltk.lib(Fl_Window_hotspot.obj) : warning LNK4204: 'C:\Users\zhexian\Desktop\Graphics\Assignment\a2\a2\Release\vc100.pdb' is missing debugging information for referencing module; linking object as if no debug info
     1>fltk.lib(Fl_XBM_Image.obj) : warning LNK4204: 'C:\Users\zhexian\Desktop\Graphics\Assignment\a2\a2\Release\vc100.pdb' is missing debugging information for referencing module; linking object as if no debug info
     1>fltk.lib(Fl_XPM_Image.obj) : warning LNK4204: 'C:\Users\zhexian\Desktop\Graphics\Assignment\a2\a2\Release\vc100.pdb' is missing debugging information for referencing module; linking object as if no debug info
     1>fltk.lib(flstring.obj) : warning LNK4204: 'C:\Users\zhexian\Desktop\Graphics\Assignment\a2\a2\Release\vc100.pdb' is missing debugging information for referencing module; linking object as if no debug info
     1>fltk.lib(is_spacing.obj) : warning LNK4204: 'C:\Users\zhexian\Desktop\Graphics\Assignment\a2\a2\Release\vc100.pdb' is missing debugging information for referencing module; linking object as if no debug info
     1>fltk.lib(numericsort.obj) : warning LNK4204: 'C:\Users\zhexian\Desktop\Graphics\Assignment\a2\a2\Release\vc100.pdb' is missing debugging information for referencing module; linking object as if no debug info
     1>fltk.lib(ps_image.obj) : warning LNK4204: 'C:\Users\zhexian\Desktop\Graphics\Assignment\a2\a2\Release\vc100.pdb' is missing debugging information for referencing module; linking object as if no debug info
     1>fltk.lib(scandir.obj) : warning LNK4204: 'C:\Users\zhexian\Desktop\Graphics\Assignment\a2\a2\Release\vc100.pdb' is missing debugging information for referencing module; linking object as if no debug info
     1>fltk.lib(screen_xywh.obj) : warning LNK4204: 'C:\Users\zhexian\Desktop\Graphics\Assignment\a2\a2\Release\vc100.pdb' is missing debugging information for referencing module; linking object as if no debug info
     1>fltk.lib(vsnprintf.obj) : warning LNK4204: 'C:\Users\zhexian\Desktop\Graphics\Assignment\a2\a2\Release\vc100.pdb' is missing debugging information for referencing module; linking object as if no debug info
       Manifest:
         C:\Program Files (x86)\Microsoft SDKs\Windows\v7.0A\bin\mt.exe /nologo /verbose /out:"Release\a2.exe.embed.manifest" /manifest Release\a2.exe.intermediate.manifest
         All outputs are up-to-date.
       LinkEmbedManifest:
         All outputs are up-to-date.
         a2.vcxproj -> C:\Users\zhexian\Desktop\Graphics\Assignment\a2\a2\Release\a2.exe
       FinalizeBuildStatus:
         Deleting file "Release\a2.unsuccessfulbuild".
         Touching "Release\a2.lastbuildstate".
     1>Done Building Project "C:\Users\zhexian\Desktop\Graphics\Assignment\a2\a2\a2.vcxproj" (build target(s)).

Build succeeded.

Time Elapsed 00:00:02.21
