Build started 3/27/2017 5:01:41 PM.
     1>Project "C:\Users\zhexian\Desktop\Graphics\Assignment\a4\distrib\a4.vcxproj" on node 2 (build target(s)).
     1>InitializeBuildStatus:
         Creating "Release\a4.unsuccessfulbuild" because "AlwaysCreate" was specified.
       ClCompile:
         c:\Program Files (x86)\Microsoft Visual Studio 10.0\VC\bin\CL.exe /c /Ivecmath/include /Zi /nologo /W3 /WX- /O2 /Oy- /D WIN32 /D NDEBUG /D _CONSOLE /Gm- /EHsc /MD /GS /fp:precise /Zc:wchar_t /Zc:forScope /Fo"Release\\" /Fd"Release\vc100.pdb" /Gd /TP /analyze- /errorReport:prompt Mesh.cpp SceneParser.cpp main.cpp
         Mesh.cpp
         SceneParser.cpp
     1>c:\users\zhexian\desktop\graphics\assignment\a4\distrib\Group.h(29): warning C4018: '<' : signed/unsigned mismatch
     1>c:\users\zhexian\desktop\graphics\assignment\a4\distrib\Group.h(35): warning C4018: '<' : signed/unsigned mismatch
     1>c:\users\zhexian\desktop\graphics\assignment\a4\distrib\Group.h(49): warning C4018: '>' : signed/unsigned mismatch
     1>SceneParser.cpp(42): warning C4996: 'fopen': This function or variable may be unsafe. Consider using fopen_s instead. To disable deprecation, use _CRT_SECURE_NO_WARNINGS. See online help for details.
                 c:\Program Files (x86)\Microsoft Visual Studio 10.0\VC\include\stdio.h(234) : see declaration of 'fopen'
     1>SceneParser.cpp(117): warning C4244: 'initializing' : conversion from 'double' to 'float', possible loss of data
     1>SceneParser.cpp(401): warning C4244: 'argument' : conversion from 'double' to 'float', possible loss of data
     1>SceneParser.cpp(403): warning C4244: 'argument' : conversion from 'double' to 'float', possible loss of data
     1>SceneParser.cpp(405): warning C4244: 'argument' : conversion from 'double' to 'float', possible loss of data
     1>SceneParser.cpp(410): warning C4244: 'initializing' : conversion from 'double' to 'float', possible loss of data
     1>SceneParser.cpp(444): warning C4996: 'fscanf': This function or variable may be unsafe. Consider using fscanf_s instead. To disable deprecation, use _CRT_SECURE_NO_WARNINGS. See online help for details.
                 c:\Program Files (x86)\Microsoft Visual Studio 10.0\VC\include\stdio.h(253) : see declaration of 'fscanf'
     1>SceneParser.cpp(455): warning C4996: 'fscanf': This function or variable may be unsafe. Consider using fscanf_s instead. To disable deprecation, use _CRT_SECURE_NO_WARNINGS. See online help for details.
                 c:\Program Files (x86)\Microsoft Visual Studio 10.0\VC\include\stdio.h(253) : see declaration of 'fscanf'
     1>SceneParser.cpp(466): warning C4996: 'fscanf': This function or variable may be unsafe. Consider using fscanf_s instead. To disable deprecation, use _CRT_SECURE_NO_WARNINGS. See online help for details.
                 c:\Program Files (x86)\Microsoft Visual Studio 10.0\VC\include\stdio.h(253) : see declaration of 'fscanf'
     1>SceneParser.cpp(477): warning C4996: 'fscanf': This function or variable may be unsafe. Consider using fscanf_s instead. To disable deprecation, use _CRT_SECURE_NO_WARNINGS. See online help for details.
                 c:\Program Files (x86)\Microsoft Visual Studio 10.0\VC\include\stdio.h(253) : see declaration of 'fscanf'
     1>SceneParser.cpp(488): warning C4996: 'fscanf': This function or variable may be unsafe. Consider using fscanf_s instead. To disable deprecation, use _CRT_SECURE_NO_WARNINGS. See online help for details.
                 c:\Program Files (x86)\Microsoft Visual Studio 10.0\VC\include\stdio.h(253) : see declaration of 'fscanf'
         main.cpp
     1>c:\users\zhexian\desktop\graphics\assignment\a4\distrib\Group.h(29): warning C4018: '<' : signed/unsigned mismatch
     1>c:\users\zhexian\desktop\graphics\assignment\a4\distrib\Group.h(35): warning C4018: '<' : signed/unsigned mismatch
     1>c:\users\zhexian\desktop\graphics\assignment\a4\distrib\Group.h(49): warning C4018: '>' : signed/unsigned mismatch
         Generating Code...
       ManifestResourceCompile:
         All outputs are up-to-date.
       Link:
         c:\Program Files (x86)\Microsoft Visual Studio 10.0\VC\bin\link.exe /ERRORREPORT:PROMPT /OUT:"C:\Users\zhexian\Desktop\Graphics\Assignment\a4\distrib\Release\a4.exe" /INCREMENTAL /NOLOGO kernel32.lib user32.lib gdi32.lib winspool.lib comdlg32.lib advapi32.lib shell32.lib ole32.lib oleaut32.lib uuid.lib odbc32.lib odbccp32.lib /MANIFEST /ManifestFile:"Release\a4.exe.intermediate.manifest" /MANIFESTUAC:"level='asInvoker' uiAccess='false'" /DEBUG /PDB:"C:\Users\zhexian\Desktop\Graphics\Assignment\a4\distrib\Release\a4.pdb" /SUBSYSTEM:CONSOLE /OPT:REF /OPT:ICF /TLBID:1 /DYNAMICBASE /NXCOMPAT /IMPLIB:"C:\Users\zhexian\Desktop\Graphics\Assignment\a4\distrib\Release\a4.lib" /MACHINE:X86 Release\a4.exe.embed.manifest.res
         Release\Image.obj
         Release\main.obj
         Release\Mesh.obj
         Release\SceneParser.obj
         Release\texture.obj
         Release\Matrix2f.obj
         Release\Matrix3f.obj
         Release\Matrix4f.obj
         Release\Quat4f.obj
         Release\Vector2f.obj
         Release\Vector3f.obj
         Release\Vector4f.obj
     1>LINK : warning LNK4075: ignoring '/INCREMENTAL' due to '/OPT:ICF' specification
       Manifest:
         C:\Program Files (x86)\Microsoft SDKs\Windows\v7.0A\bin\mt.exe /nologo /verbose /out:"Release\a4.exe.embed.manifest" /manifest Release\a4.exe.intermediate.manifest
         All outputs are up-to-date.
       LinkEmbedManifest:
         All outputs are up-to-date.
         a4.vcxproj -> C:\Users\zhexian\Desktop\Graphics\Assignment\a4\distrib\Release\a4.exe
       FinalizeBuildStatus:
         Deleting file "Release\a4.unsuccessfulbuild".
         Touching "Release\a4.lastbuildstate".
     1>Done Building Project "C:\Users\zhexian\Desktop\Graphics\Assignment\a4\distrib\a4.vcxproj" (build target(s)).

Build succeeded.

Time Elapsed 00:00:02.06
