Build started 3/13/2017 5:46:36 PM.
     1>Project "C:\Users\zhexian\Desktop\Graphics\Assignment\a3\distrib\a3.vcxproj" on node 2 (build target(s)).
     1>InitializeBuildStatus:
         Creating "Release\a3.unsuccessfulbuild" because "AlwaysCreate" was specified.
       ClCompile:
         c:\Program Files (x86)\Microsoft Visual Studio 10.0\VC\bin\CL.exe /c /IGL /Ivecmath\include /Zi /nologo /W3 /WX- /O2 /Oy- /D WIN32 /D NDEBUG /D _CONSOLE /Gm- /EHsc /MD /GS /fp:precise /Zc:wchar_t /Zc:forScope /Fo"Release\\" /Fd"Release\vc100.pdb" /Gd /TP /analyze- /errorReport:prompt ClothSystem.cpp main.cpp
         ClothSystem.cpp
     1>ClothSystem.cpp(20): warning C4244: 'argument' : conversion from 'double' to 'float', possible loss of data
     1>ClothSystem.cpp(20): warning C4244: 'argument' : conversion from 'double' to 'float', possible loss of data
     1>ClothSystem.cpp(31): warning C4018: '<' : signed/unsigned mismatch
     1>ClothSystem.cpp(40): warning C4018: '<' : signed/unsigned mismatch
     1>ClothSystem.cpp(52): warning C4305: 'argument' : truncation from 'double' to 'float'
     1>ClothSystem.cpp(58): warning C4244: 'argument' : conversion from 'double' to 'float', possible loss of data
     1>ClothSystem.cpp(72): warning C4244: 'argument' : conversion from 'double' to 'float', possible loss of data
     1>ClothSystem.cpp(92): warning C4244: 'initializing' : conversion from 'double' to 'float', possible loss of data
     1>ClothSystem.cpp(96): warning C4244: 'initializing' : conversion from 'double' to 'float', possible loss of data
     1>ClothSystem.cpp(101): warning C4244: '=' : conversion from 'float' to 'int', possible loss of data
     1>ClothSystem.cpp(121): warning C4305: 'argument' : truncation from 'double' to 'float'
     1>ClothSystem.cpp(131): warning C4244: 'argument' : conversion from 'float' to 'unsigned int', possible loss of data
     1>ClothSystem.cpp(137): warning C4244: 'argument' : conversion from 'float' to 'unsigned int', possible loss of data
     1>ClothSystem.cpp(143): warning C4244: 'argument' : conversion from 'float' to 'unsigned int', possible loss of data
     1>ClothSystem.cpp(146): warning C4244: 'argument' : conversion from 'float' to 'unsigned int', possible loss of data
     1>ClothSystem.cpp(149): warning C4244: 'argument' : conversion from 'float' to 'unsigned int', possible loss of data
     1>ClothSystem.cpp(152): warning C4244: 'argument' : conversion from 'float' to 'unsigned int', possible loss of data
     1>ClothSystem.cpp(164): warning C4244: 'argument' : conversion from 'float' to 'unsigned int', possible loss of data
     1>ClothSystem.cpp(167): warning C4244: 'argument' : conversion from 'float' to 'unsigned int', possible loss of data
     1>ClothSystem.cpp(185): warning C4244: 'initializing' : conversion from 'double' to 'float', possible loss of data
     1>ClothSystem.cpp(189): warning C4244: '=' : conversion from 'float' to 'int', possible loss of data
     1>ClothSystem.cpp(196): warning C4244: 'argument' : conversion from 'float' to 'unsigned int', possible loss of data
     1>ClothSystem.cpp(197): warning C4244: 'argument' : conversion from 'float' to 'unsigned int', possible loss of data
     1>ClothSystem.cpp(201): warning C4244: 'argument' : conversion from 'float' to 'GLint', possible loss of data
     1>ClothSystem.cpp(201): warning C4244: 'argument' : conversion from 'float' to 'GLint', possible loss of data
     1>ClothSystem.cpp(206): warning C4305: 'argument' : truncation from 'double' to 'GLclampf'
     1>ClothSystem.cpp(206): warning C4305: 'argument' : truncation from 'double' to 'GLclampf'
     1>ClothSystem.cpp(206): warning C4305: 'argument' : truncation from 'double' to 'GLclampf'
     1>ClothSystem.cpp(232): warning C4244: 'argument' : conversion from 'float' to 'unsigned int', possible loss of data
     1>ClothSystem.cpp(233): warning C4244: 'argument' : conversion from 'float' to 'unsigned int', possible loss of data
         main.cpp
     1>main.cpp(42): warning C4244: 'argument' : conversion from 'time_t' to 'unsigned int', possible loss of data
     1>main.cpp(198): warning C4060: switch statement contains no 'case' or 'default' labels
         Generating Code...
       ManifestResourceCompile:
         All outputs are up-to-date.
       Link:
         c:\Program Files (x86)\Microsoft Visual Studio 10.0\VC\bin\link.exe /ERRORREPORT:PROMPT /OUT:"C:\Users\zhexian\Desktop\Graphics\Assignment\a3\distrib\Release\a3.exe" /INCREMENTAL /NOLOGO RK4.lib freeglut.lib kernel32.lib user32.lib gdi32.lib winspool.lib comdlg32.lib advapi32.lib shell32.lib ole32.lib oleaut32.lib uuid.lib odbc32.lib odbccp32.lib kernel32.lib user32.lib gdi32.lib winspool.lib comdlg32.lib advapi32.lib shell32.lib ole32.lib oleaut32.lib uuid.lib odbc32.lib odbccp32.lib /MANIFEST /ManifestFile:"Release\a3.exe.intermediate.manifest" /MANIFESTUAC:"level='asInvoker' uiAccess='false'" /DEBUG /PDB:"C:\Users\zhexian\Desktop\Graphics\Assignment\a3\distrib\Release\a3.pdb" /SUBSYSTEM:CONSOLE /OPT:REF /OPT:ICF /TLBID:1 /DYNAMICBASE /NXCOMPAT /IMPLIB:"C:\Users\zhexian\Desktop\Graphics\Assignment\a3\distrib\Release\a3.lib" /MACHINE:X86 Release\a3.exe.embed.manifest.res
         Release\camera.obj
         Release\ClothSystem.obj
         Release\main.obj
         Release\particleSystem.obj
         Release\pendulumSystem.obj
         Release\simpleSystem.obj
         Release\TimeStepper.obj
         Release\Matrix2f.obj
         Release\Matrix3f.obj
         Release\Matrix4f.obj
         Release\Quat4f.obj
         Release\Vector2f.obj
         Release\Vector3f.obj
         Release\Vector4f.obj
     1>LINK : warning LNK4075: ignoring '/INCREMENTAL' due to '/OPT:ICF' specification
     1>RK4.lib(integrator.obj) : warning LNK4204: 'C:\Users\zhexian\Desktop\Graphics\Assignment\a3\distrib\Release\vc100.pdb' is missing debugging information for referencing module; linking object as if no debug info
       Manifest:
         C:\Program Files (x86)\Microsoft SDKs\Windows\v7.0A\bin\mt.exe /nologo /verbose /out:"Release\a3.exe.embed.manifest" /manifest Release\a3.exe.intermediate.manifest
         All outputs are up-to-date.
       LinkEmbedManifest:
         All outputs are up-to-date.
         a3.vcxproj -> C:\Users\zhexian\Desktop\Graphics\Assignment\a3\distrib\Release\a3.exe
       FinalizeBuildStatus:
         Deleting file "Release\a3.unsuccessfulbuild".
         Touching "Release\a3.lastbuildstate".
     1>Done Building Project "C:\Users\zhexian\Desktop\Graphics\Assignment\a3\distrib\a3.vcxproj" (build target(s)).

Build succeeded.

Time Elapsed 00:00:01.95
